1578231653359:help
1578231658974:l
1578233334331:help
1578233388192:cp пирог_с_вишней 13,50 вкусно
1578233411581:cp пирог_с_вишней 13.50 вкусно
1578233485185:cp пирог_с_капустой 15.70 вкусно_постно
1578233516365:cp пирог_с_мясом 25.70 вкусно_очень
1578233540508:cp пирог_с_говном 0 вкусно_постно_интересно
1578233557282:ga
1578233601732:dp 4
1578233608351:ga
1578233643344:gp 3
1578233662184:gp 1
1578233680656:stacktrace
1578233765043:gp 1L
1578233777197:gp 1
1578234264463:up 1 пирог_с_вишней22 дерьмо
1578234306668:up 1 пирог_с_вишней 22.0 дерьмо
1578234320743:пф
1578587470495:gap
1578587487196:help
1578587519005:cb
1578587588366:addp 5 1 35
1578587703665:addp 5 2 7
1578587744073:addp 5 3 1
1578587777953:dpib 5 1
1578587828329:getb 5
1578588043246:help
1578588058909:db 5
1578588110113:cb
1578588123836:addp 5 1 2
1578588133124:addp 5 2
1578588154203:ccp 5 2 11
1578588305654:addp 9 1 2
1578588316526:addp 9 2
1578588324441:ccp 9 2 11
1578588393113:co 9 ira med 1234567 my.email@lol.com
